Account token: 459fd79e-a529-4e4f-a8f0-a46816a5c47b
/v1/auth/
https://steam.live.bhvrdbd.com/api/v1/auth/provider/kraken/login?token=459fd79e-a529-4e4f-a8f0-a46816a5c47b

https://steam.live.bhvrdbd.com/api/v1/version
https://steam.live.bhvrdbd.com/api/v1/healthcheck
https://steam.live.bhvrdbd.com/api/v1/utils/contentVersion/version?versionPattern=5.1.0
https://steam.live.bhvrdbd.com/api/v1/config
https://steam.live.bhvrdbd.com/api/v1/realTimeMessaging/getUrl
https://steam.live.bhvrdbd.com/api/v1/clientVersion/check
https://steam.live.bhvrdbd.com/api/v1/players/friends/sync
https://steam.live.bhvrdbd.com/api/v1/players/e852f0e8-96af-4ffa-99b2-663abea2c54a/friends?platform=
https://steam.live.bhvrdbd.com/api/v1/friends/richPresence/e852f0e8-96af-4ffa-99b2-663abea2c54a
https://steam.live.bhvrdbd.com/api/v1/extensions/eac/generateChallenge
https://steam.live.bhvrdbd.com/api/v1/extensions/eac/validateChallengeResponse
https://steam.live.bhvrdbd.com/api/v1/extensions/store/getAvailableBundles
https://steam.live.bhvrdbd.com/api/v1/inventories
https://steam.live.bhvrdbd.com/api/v1/players/me/states/FullProfile/binary
https://steam.live.bhvrdbd.com/api/v1/extensions/shrine/getAvailable
https://steam.live.bhvrdbd.com/api/v1/extensions/wallet/needMigration
https://steam.live.bhvrdbd.com/api/v1/extensions/wallet/getLocalizedCurrenciesAfterLogin
https://steam.live.bhvrdbd.com/api/v1/consent?onlyAttentionNeeded=false
https://steam.live.bhvrdbd.com/api/v1/extensions/store/steamGetPendingTransactions
https://steam.live.bhvrdbd.com/api/v1/messages/listV2?limit=100
https://steam.live.bhvrdbd.com/api/v1/playername/steam/A%D1%8Fa%20A%D1%8Fa
https://steam.live.bhvrdbd.com/api/v1/playername
https://steam.live.bhvrdbd.com/api/v1/playername/A%D1%8Fa%20A%D1%8Fa%23e852
https://steam.live.bhvrdbd.com/api/v1/players/me/blockedPlayers
https://steam.live.bhvrdbd.com/api/v1/owned-products/get-update-entitlements
https://steam.live.bhvrdbd.com/api/v1/ranks/reset-get-pips-v2
https://steam.live.bhvrdbd.com/api/v1/players/ban/status
https://steam.live.bhvrdbd.com/api/v1/feature/status/archives
https://steam.live.bhvrdbd.com/api/v1/archives/stories/get/activeNode
https://steam.live.bhvrdbd.com/api/v1/unifiedaccounts/reconcile-rewards
https://steam.live.bhvrdbd.com/api/v1/archives/rewards/claim-old-tracks
https://steam.live.bhvrdbd.com/api/v1/onboarding/reconcile-and-get-onboarding-rewards
https://steam.live.bhvrdbd.com/api/v1/players/e852f0e8-96af-4ffa-99b2-663abea2c54a/splinteredstates/dbd-UIData/objects/uiData
https://steam.live.bhvrdbd.com/api/v1/onboarding/get-bot-match-status
https://steam.live.bhvrdbd.com/api/v1/archives/stories/get/storyIds
https://steam.live.bhvrdbd.com/api/v1/inventories
https://steam.live.bhvrdbd.com/api/v1/onboarding
https://steam.live.bhvrdbd.com/api/v1/inventories
https://steam.live.bhvrdbd.com/api/v1/wallet/currencies
https://steam.live.bhvrdbd.com/api/v1/wallet/currencies
https://steam.live.bhvrdbd.com/api/v1/consent
https://steam.live.bhvrdbd.com/api/v1/consent?onlyAttentionNeeded=false
https://steam.live.bhvrdbd.com/api/v1/players/me/states/binary?schemaVersion=0&stateName=FullProfile&version=1
https://steam.live.bhvrdbd.com/api/v1/me/richPresence
https://steam.live.bhvrdbd.com/api/v1/players/ban/decayAndGetDisconnectionPenaltyPoints
https://steam.live.bhvrdbd.com/api/v1/feature/status/archives
https://steam.live.bhvrdbd.com/api/v1/extensions/playerLevels/getPlayerLevel
https://steam.live.bhvrdbd.com/api/v1/ranks/logic-to-use
https://steam.live.bhvrdbd.com/api/v1/players/me/states/binary?schemaVersion=0&stateName=FullProfile&version=2
https://steam.live.bhvrdbd.com/api/v1/ranks/reset-rank-v1
https://steam.live.bhvrdbd.com/api/v1/ranks/logic-to-use
https://steam.live.bhvrdbd.com/api/v1/party/details?includeState=true
https://steam.live.bhvrdbd.com/api/v1/party
https://steam.live.bhvrdbd.com/api/v1/party/78dcb45c-c9bc-4bb1-b680-51e54de26bd3
https://steam.live.bhvrdbd.com/api/v1/players/ban/status
https://steam.live.bhvrdbd.com/api/v1/me/richPresence
https://steam.live.bhvrdbd.com/api/v1/feature/status/archives
https://steam.live.bhvrdbd.com/api/v1/party/player/e852f0e8-96af-4ffa-99b2-663abea2c54a/state
https://steam.live.bhvrdbd.com/api/v1/party/78dcb45c-c9bc-4bb1-b680-51e54de26bd3
https://steam.live.bhvrdbd.com/api/v1/me/richPresence
https://steam.live.bhvrdbd.com/api/v1/extensions/shrine/getAvailable
https://steam.live.bhvrdbd.com/api/v1/feature/status/archives
https://steam.live.bhvrdbd.com/api/v1/players/ban/decayAndGetDisconnectionPenaltyPoints
https://steam.live.bhvrdbd.com/api/v1/party/details?includeState=true
https://steam.live.bhvrdbd.com/api/v1/party
https://steam.live.bhvrdbd.com/api/v1/party/412ec97a-548f-4170-8b5c-5b617af29442
https://steam.live.bhvrdbd.com/api/v1/players/ban/status
https://steam.live.bhvrdbd.com/api/v1/feature/status/archives
https://steam.live.bhvrdbd.com/api/v1/me/richPresence
https://steam.live.bhvrdbd.com/api/v1/party/player/e852f0e8-96af-4ffa-99b2-663abea2c54a/state
https://steam.live.bhvrdbd.com/api/v1/party/player/e852f0e8-96af-4ffa-99b2-663abea2c54a/state
https://steam.live.bhvrdbd.com/api/v1/party/412ec97a-548f-4170-8b5c-5b617af29442
https://steam.live.bhvrdbd.com/api/v1/queue
https://steam.live.bhvrdbd.com/api/v1/party/player/e852f0e8-96af-4ffa-99b2-663abea2c54a/state
https://steam.live.bhvrdbd.com/api/v1/party/412ec97a-548f-4170-8b5c-5b617af29442

